<?xml version="1.0" encoding="UTF-8"?>
<testng-results ignored="0" total="1" passed="1" failed="0" skipped="0">
  <reporter-output>
  </reporter-output>
  <suite started-at="2023-05-27T01:25:20 GMT" name="Default suite" finished-at="2023-05-27T01:25:45 GMT" duration-ms="24828">
    <groups>
    </groups>
    <test started-at="2023-05-27T01:25:20 GMT" name="Default test" finished-at="2023-05-27T01:25:45 GMT" duration-ms="24828">
      <class name="Pages.logingPage">
        <test-method is-config="true" signature="setUp()[pri:0, instance:Pages.logingPage@562457e1]" started-at="2023-05-27T01:25:20 GMT" name="setUp" finished-at="2023-05-27T01:25:25 GMT" duration-ms="5411" status="PASS">
          <reporter-output>
          </reporter-output>
        </test-method> <!-- setUp -->
        <test-method signature="testLog()[pri:0, instance:Pages.logingPage@562457e1]" started-at="2023-05-27T01:25:25 GMT" name="testLog" finished-at="2023-05-27T01:25:44 GMT" duration-ms="18670" status="PASS">
          <reporter-output>
          </reporter-output>
        </test-method> <!-- testLog -->
        <test-method is-config="true" signature="tearDown()[pri:0, instance:Pages.logingPage@562457e1]" started-at="2023-05-27T01:25:44 GMT" name="tearDown" finished-at="2023-05-27T01:25:45 GMT" duration-ms="491" status="PASS">
          <reporter-output>
          </reporter-output>
        </test-method> <!-- tearDown -->
      </class> <!-- Pages.logingPage -->
    </test> <!-- Default test -->
  </suite> <!-- Default suite -->
</testng-results>
